{"G:\\no-work\\everyday\\node-mocha\\src\\index.js":{"path":"G:\\no-work\\everyday\\node-mocha\\src\\index.js","s":{"1":1,"2":2,"3":7,"4":1,"5":2,"6":1,"7":2,"8":1},"b":{"1":[1,1],"2":[1,1]},"f":{},"fnMap":{},"statementMap":{"1":{"start":{"line":1,"column":0},"end":{"line":3,"column":1}},"2":{"start":{"line":2,"column":2},"end":{"line":2,"column":39}},"3":{"start":{"line":2,"column":30},"end":{"line":2,"column":35}},"4":{"start":{"line":5,"column":0},"end":{"line":7,"column":1}},"5":{"start":{"line":6,"column":2},"end":{"line":6,"column":22}},"6":{"start":{"line":8,"column":0},"end":{"line":10,"column":1}},"7":{"start":{"line":9,"column":2},"end":{"line":9,"column":22}},"8":{"start":{"line":12,"column":0},"end":{"line":14,"column":1}}},"branchMap":{"1":{"line":6,"type":"cond-expr","locations":[{"start":{"line":6,"column":17},"end":{"line":6,"column":18}},{"start":{"line":6,"column":21},"end":{"line":6,"column":22}}]},"2":{"line":9,"type":"cond-expr","locations":[{"start":{"line":9,"column":17},"end":{"line":9,"column":18}},{"start":{"line":9,"column":21},"end":{"line":9,"column":22}}]}}}}